gparts-mysql-database.c:100:24: warning: assignment from incompatible pointer type [enabled by default]
gparts-mysql-factory.c:65:5: warning: return from incompatible pointer type [enabled by default]
gparts-mysql-factory.c:138:10: warning: incompatible implicit declaration of built-in function 'strlen' [enabled by default]
gparts-sqlite-database.c:98:24: warning: assignment from incompatible pointer type [enabled by default]
gparts-sqlite-factory.c:66:5: warning: return from incompatible pointer type [enabled by default]
gpdata-op-base.c:96:1: warning: 'gpdata_op_base_check_cb' defined but not used [-Wunused-function]
gpdata-op-base.c:279:1: warning: 'gpdata_op_base_parse_cb' defined but not used [-Wunused-function]
misc-macro.c:41:25: warning: variable 'data' set but not used [-Wunused-but-set-variable]
misc-macro.c:72:17: warning: passing argument 1 of 'g_hash_table_lookup' discards 'const' qualifier from pointer target type [enabled by default]
misc-object.c:30:5: warning: passing argument 1 of 'g_type_class_peek' makes integer from pointer without a cast [enabled by default]
misc-object.c:46:5: warning: passing argument 1 of 'g_type_class_peek' makes integer from pointer without a cast [enabled by default]
gpform-factory.c:160:19: warning: variable 'status' set but not used [-Wunused-but-set-variable]
gpform-pm-dialog.c:40:19: warning: unused variable 'klasse' [-Wunused-variable]
gpform-ui-dialog.c:258:13: warning: passing argument 2 of 'gtk_widget_draw' from incompatible pointer type [enabled by default]
gpform-ui-image.c:72:25: warning: unused variable 'klasse1' [-Wunused-variable]
gpview-category-model.c:109:31: warning: assignment from incompatible pointer type [enabled by default]
gpview-category-model.c:153:28: warning: assignment from incompatible pointer type [enabled by default]
gpview-category-model.c:221:33: warning: variable 'private' set but not used [-Wunused-but-set-variable]
gpview-category-model.c:247:33: warning: unused variable 'private' [-Wunused-variable]
gpview-category-model.c:381:33: warning: variable 'private' set but not used [-Wunused-but-set-variable]
gpview-category-model.c:502:33: warning: unused variable 'private' [-Wunused-variable]
gpview-category-model.c:571:33: warning: unused variable 'private' [-Wunused-variable]
gpview-category-model.c:615:1: warning: no return statement in function returning non-void [-Wreturn-type]
gpview-category-model.c:745:33: warning: variable 'private' set but not used [-Wunused-but-set-variable]
gpview-category-model.c:766:33: warning: unused variable 'private' [-Wunused-variable]
gpview-category-model.c:842:9: warning: implicit declaration of function 'gparts_result_model_set_columns' [-Wimplicit-function-declaration]
gpview-category-model.c:844:9: warning: implicit declaration of function 'gparts_category_model_hide_columns' [-Wimplicit-function-declaration]
gpview-category-model.c:78:1: warning: 'gpview_load_children' declared 'static' but never defined [-Wunused-function]
gpview-device-ctrl.c:88:1: warning: 'gpview_device_ctrl_visit_cb' declared 'static' but never defined [-Wunused-function]
gpview-document-ctrl.c:88:1: warning: 'gpview_document_ctrl_visit_cb' declared 'static' but never defined [-Wunused-function]
gpview-factory.c:384:9: warning: implicit declaration of function 'gpview_part_ctrl_set_database' [-Wimplicit-function-declaration]
gpview-factory.c:415:9: warning: implicit declaration of function 'gpview_part_ctrl_set_form_factory' [-Wimplicit-function-declaration]
gpview-factory.c:416:9: warning: implicit declaration of function 'gpview_symbol_ctrl_set_form_factory' [-Wimplicit-function-declaration]
gpview-footprint-ctrl.c:88:1: warning: 'gpview_footprint_ctrl_visit_cb' declared 'static' but never defined [-Wunused-function]
gpview-package-ctrl.c:88:1: warning: 'gpview_package_ctrl_visit_cb' declared 'static' but never defined [-Wunused-function]
gpview-part-ctrl.c:205:9: warning: implicit declaration of function 'gpview_part_view_get_create_form' [-Wimplicit-function-declaration]
gpview-part-ctrl.c:205:14: warning: assignment makes pointer from integer without a cast [enabled by default]
gpview-part-ctrl.c:678:9: warning: implicit declaration of function 'gpview_part_view_get_drawing' [-Wimplicit-function-declaration]
gpview-part-ctrl.c:678:31: warning: initialization makes pointer from integer without a cast [enabled by default]
gpview-part-ctrl.c:705:31: warning: initialization makes pointer from integer without a cast [enabled by default]
gpview-part-view.c:534:14: warning: unused variable 'index' [-Wunused-variable]
gpview-part-view.c:572:18: warning: assignment from incompatible pointer type [enabled by default]
gpview-result-adapter.c:422:13: warning: passing argument 1 of 'gpview_result_adapter_get_field' discards 'const' qualifier from pointer target type [enabled by default]
gpview-result-adapter.c:424:9: warning: passing argument 2 of 'g_hash_table_insert' discards 'const' qualifier from pointer target type [enabled by default]
gpview-symbol-ctrl.c:81:1: warning: 'gpview_symbol_ctrl_edit_cb' declared 'static' but never defined [-Wunused-function]
miscgui-color.c:90:9: warning: passing argument 2 of 'gdk_color_parse' from incompatible pointer type [enabled by default]
miscgui-color.c:88:18: warning: unused variable 'value' [-Wunused-variable]
sch-box.c:73:1: warning: 'sch_box_schematic_shape_init' declared 'static' but never defined [-Wunused-function]
sch-circle.c:100:30: warning: assignment from incompatible pointer type [enabled by default]
sch-color.c:126:5: warning: implicit declaration of function 'sch_color_get_default_dark' [-Wimplicit-function-declaration]
sch-color.c:130:1: warning: conflicting types for 'sch_color_get_default_dark' [enabled by default]
sch-file-format-2.c:189:5: warning: passing argument 1 of 'sch_shape_get_attributes' from incompatible pointer type [enabled by default]
sch-file-format-2.c:195:9: warning: passing argument 2 of 'sch_attributes_write' discards 'const' qualifier from pointer target type [enabled by default]
sch-file-format-2.c:217:5: warning: implicit declaration of function 'sch_output_stream_write_path_2' [-Wimplicit-function-declaration]
sch-file-format-2.c:229:5: warning: passing argument 1 of 'sch_shape_get_attributes' from incompatible pointer type [enabled by default]
sch-file-format-2.c:235:9: warning: passing argument 2 of 'sch_attributes_write' discards 'const' qualifier from pointer target type [enabled by default]
sch-loader.c:174:5: warning: implicit declaration of function 'misc_object_chain_dispose' [-Wimplicit-function-declaration]
sch-loader.c:186:5: warning: implicit declaration of function 'misc_object_chain_finalize' [-Wimplicit-function-declaration]
sch-loader.c:210:9: warning: passing argument 1 of 'g_strdupv' from incompatible pointer type [enabled by default]
sch-loader.c:354:28: warning: initialization from incompatible pointer type [enabled by default]
sch-loader.c:384:28: warning: initialization from incompatible pointer type [enabled by default]
sch-loader.c:414:9: warning: passing argument 1 of 'g_strfreev' from incompatible pointer type [enabled by default]
sch-loader.c:639:5: warning: passing argument 1 of 'sch_shape_get_attributes' from incompatible pointer type [enabled by default]
sch-loader.c:668:29: warning: passing argument 2 of 'sch_attributes_append' from incompatible pointer type [enabled by default]
sch-loader.c:738:15: warning: unused variable 'tail' [-Wunused-variable]
sch-loader.c:737:14: warning: unused variable 'lines' [-Wunused-variable]
sch-loader.c:789:5: warning: return from incompatible pointer type [enabled by default]
sch-loader.c:819:29: warning: passing argument 2 of 'sch_drawing_append_shape' from incompatible pointer type [enabled by default]
sch-loader.c:943:9: warning: implicit declaration of function 'strtol' [-Wimplicit-function-declaration]
sch-loader.c:958:13: warning: format '%d' expects argument of type 'int', but argument 4 has type 'long int' [-Wformat]
sch-loader.c:968:5: warning: return from incompatible pointer type [enabled by default]
sch-loader.c:1149:25: warning: passing argument 2 of 'sch_drawing_append_shape' from incompatible pointer type [enabled by default]
sch-loader.c:1299:17: warning: label 'deafult' defined but not used [-Wunused-label]
sch-loader.c:1344:9: warning: implicit declaration of function 'atoi' [-Wimplicit-function-declaration]
sch-loader.c:70:1: warning: 'open_drawing' declared 'static' but never defined [-Wunused-function]
sch-loader.c:927:5: warning: 'object' may be used uninitialized in this function [-Wmaybe-uninitialized]
sch-output-stream.c:342:13: warning: implicit declaration of function 'strlen' [-Wimplicit-function-declaration]
sch-output-stream.c:342:13: warning: incompatible implicit declaration of built-in function 'strlen' [enabled by default]
sch-output-stream.c:368:13: warning: incompatible implicit declaration of built-in function 'strlen' [enabled by default]
sch-output-stream.c:395:13: warning: incompatible implicit declaration of built-in function 'strlen' [enabled by default]
sch-output-stream.c:475:13: warning: incompatible implicit declaration of built-in function 'strlen' [enabled by default]
sch-output-stream.c:525:13: warning: incompatible implicit declaration of built-in function 'strlen' [enabled by default]
sch-output-stream.c:603:13: warning: incompatible implicit declaration of built-in function 'strlen' [enabled by default]
sch-output-stream.c:658:13: warning: incompatible implicit declaration of built-in function 'strlen' [enabled by default]
sch-output-stream.c:721:13: warning: incompatible implicit declaration of built-in function 'strlen' [enabled by default]
sch-output-stream.c:775:13: warning: incompatible implicit declaration of built-in function 'strlen' [enabled by default]
sch-output-stream.c:849:13: warning: incompatible implicit declaration of built-in function 'strlen' [enabled by default]
sch-output-stream.c:854:9: warning: passing argument 1 of 'sch_path_foreach' discards 'const' qualifier from pointer target type [enabled by default]
sch-output-stream.c:854:9: warning: passing argument 2 of 'sch_path_foreach' from incompatible pointer type [enabled by default]
sch-output-stream.c:795:15: warning: unused variable 'radius' [-Wunused-variable]
sch-output-stream.c:794:15: warning: unused variable 'y' [-Wunused-variable]
sch-output-stream.c:793:15: warning: unused variable 'x' [-Wunused-variable]
sch-output-stream.c:958:13: warning: incompatible implicit declaration of built-in function 'strlen' [enabled by default]
sch-output-stream.c:1011:13: warning: incompatible implicit declaration of built-in function 'strlen' [enabled by default]
sch-output-stream.c:1065:13: warning: incompatible implicit declaration of built-in function 'strlen' [enabled by default]
sch-output-stream.c:1084:13: warning: incompatible implicit declaration of built-in function 'strlen' [enabled by default]
sch-output-stream.c:1149:13: warning: incompatible implicit declaration of built-in function 'strlen' [enabled by default]
sch-output-stream.c:1177:13: warning: incompatible implicit declaration of built-in function 'strlen' [enabled by default]
sch-path.c:305:5: warning: 'count' may be used uninitialized in this function [-Wmaybe-uninitialized]
sch-text.c:77:1: warning: 'sch_text_schematic_shape_init' declared 'static' but never defined [-Wunused-function]
schgui-cairo-draw-list.c:128:5: warning: implicit declaration of function 'misc_object_chain_dispose' [-Wimplicit-function-declaration]
schgui-cairo-draw-list.c:108:1: warning: 'schgui_cairo_draw_list_dispose' defined but not used [-Wunused-function]
schgui-cairo-factory.c:90:1: warning: 'schgui_cairo_factory_create_from_path_proc' declared 'static' but never defined [-Wunused-function]
schgui-cairo-path.c:248:5: warning: implicit declaration of function 'misc_object_chain_finalize' [-Wimplicit-function-declaration]
schgui-cairo-path.c:336:9: warning: passing argument 1 of 'sch_path_foreach' discards 'const' qualifier from pointer target type [enabled by default]
schgui-cairo-path.c:336:9: warning: passing argument 2 of 'sch_path_foreach' from incompatible pointer type [enabled by default]
schgui-cairo-path.c:310:31: warning: unused variable 'line' [-Wunused-variable]
schgui-cairo-pin.c:121:54: warning: assignment from incompatible pointer type [enabled by default]
schgui-cairo-pin.c:122:54: warning: assignment from incompatible pointer type [enabled by default]
schgui-cairo-pin.c:123:54: warning: assignment from incompatible pointer type [enabled by default]
schgui-cairo-pin.c:124:54: warning: assignment from incompatible pointer type [enabled by default]
schgui-cairo-pin.c:116:26: warning: unused variable 'klasse' [-Wunused-variable]
schgui-cairo-pin.c:203:31: warning: unused variable 'fill_style' [-Wunused-variable]
schgui-cairo-text.c:314:17: warning: implicit declaration of function 'sch_text_get_shown_string' [-Wimplicit-function-declaration]
schgui-cairo-text.c:314:30: warning: initialization makes pointer from integer without a cast [enabled by default]
schgui-cairo-text.c:318:21: warning: implicit declaration of function 'strdup' [-Wimplicit-function-declaration]
schgui-cairo-text.c:318:28: warning: incompatible implicit declaration of built-in function 'strdup' [enabled by default]
schgui-cairo-text.c:293:35: warning: unused variable 'show' [-Wunused-variable]
schgui-clipboard.c:219:40: warning: initialization from incompatible pointer type [enabled by default]
schgui-clipboard.c:221:9: warning: passing argument 1 of 'sch_output_stream_new' from incompatible pointer type [enabled by default]
schgui-drawing-cfg.c:503:13: warning: passing argument 4 of 'g_hash_table_new_full' from incompatible pointer type [enabled by default]
schgui-drawing-view.c:154:9: warning: passing argument 2 of 'sch_drawing_foreach' from incompatible pointer type [enabled by default]
schgui-drawing-view.c:333:13: warning: passing argument 1 of 'schgui_drawing_view_set_config' from incompatible pointer type [enabled by default]
schgui-drawing-view.c:398:17: warning: passing argument 1 of 'gtk_widget_modify_bg' from incompatible pointer type [enabled by default]
schgui-drawing-view.c:485:9: warning: passing argument 2 of 'sch_drawing_foreach' from incompatible pointer type [enabled by default]
schgui-drawing-view.c:91:1: warning: 'schgui_drawing_view_append_shape' defined but not used [-Wunused-function]
schgui-drawing-view.c:375:1: warning: 'schgui_drawing_view_set_background_color' defined but not used [-Wunused-function]
scmcfg-config.c:143:9: warning: implicit declaration of function 'gparts_config_get_database_types' [-Wimplicit-function-declaration]
scmcfg-config.c:143:36: warning: initialization makes pointer from integer without a cast [enabled by default]
scmcfg-config.c:383:13: warning: missing sentinel in function call [-Wformat]
scmcfg-dirs.c:34:18: warning: initialization discards 'const' qualifier from pointer target type [enabled by default]
scmcfg-dirs.c:96:18: warning: initialization discards 'const' qualifier from pointer target type [enabled by default]
scmcfg-dirs.c:153:18: warning: initialization discards 'const' qualifier from pointer target type [enabled by default]
gparts-category-model.c:106:31: warning: assignment from incompatible pointer type [enabled by default]
gparts-category-model.c:150:28: warning: assignment from incompatible pointer type [enabled by default]
gparts-category-controller.c:96:23: warning: assignment from incompatible pointer type [enabled by default]
gparts-category-controller.c:270:9: warning: passing argument 1 of ‘g_object_notify’ from incompatible pointer type [enabled by default]
gparts-object-list.c:82:5: warning: passing argument 2 of ‘g_slist_foreach’ from incompatible pointer type [enabled by default]
gparts-preview-ctrl.c:98:9: warning: passing argument 1 of ‘gparts_controller_get_field’ from incompatible pointer type [enabled by default]
gparts-preview-ctrl.c:123:29: warning: initialization makes pointer from integer without a cast [enabled by default]
gparts-preview-ctrl.c:124:13: warning: passing argument 1 of ‘gparts_controller_get_table’ from incompatible pointer type [enabled by default]
gparts-preview-ctrl.c:136:9: warning: passing argument 1 of ‘schgui_drawing_view_set_drawing’ from incompatible pointer type [enabled by default]
gparts-preview-ctrl.c:225:9: warning: passing argument 1 of ‘schgui_drawing_view_get_drawing’ from incompatible pointer type [enabled by default]
gparts-preview-ctrl.c:314:9: warning: passing argument 1 of ‘schgui_drawing_view_get_drawing’ from incompatible pointer type [enabled by default]
gparts-preview-ctrl.c:342:13: warning: passing argument 1 of ‘gparts_preview_ctrl_set_copy_action’ from incompatible pointer type [enabled by default]
gparts-result-controller.c:151:23: warning: assignment from incompatible pointer type [enabled by default]
gparts-result-controller.c:402:13: warning: passing argument 1 of ‘gparts_result_controller_get_field’ from incompatible pointer type [enabled by default]
gparts-result-controller.c:404:9: warning: passing argument 2 of ‘g_hash_table_insert’ discards ‘const’ qualifier from pointer target type [enabled by default]
gparts-result-controller.c:469:9: warning: passing argument 1 of ‘gtk_widget_get_visible’ from incompatible pointer type [enabled by default]
gparts-result-controller.c:498:13: warning: passing argument 2 of ‘gparts_customize_ctrl_set_target_view’ from incompatible pointer type [enabled by default]
gparts-result-controller.c:695:1: warning: conflicting types for ‘gparts_result_controller_set_database_model’ [enabled by default]
gparts-result-controller.c:746:9: warning: passing argument 1 of ‘g_object_notify’ from incompatible pointer type [enabled by default]
gparts-result-controller.c:1012:9: warning: passing argument 1 of ‘gparts_controller_get_field’ from incompatible pointer type [enabled by default]
gparts-result-controller.c:1052:5: warning: passing argument 1 of ‘gtk_tree_view_new_with_model’ from incompatible pointer type [enabled by default]
gparts-result-controller.c:1052:10: warning: assignment from incompatible pointer type [enabled by default]
gparts-result-controller.c:1070:5: warning: passing argument 1 of ‘gtk_widget_show’ from incompatible pointer type [enabled by default]
gparts-result-controller.c:1074:5: warning: passing argument 1 of ‘gtk_container_add’ from incompatible pointer type [enabled by default]
gparts-result-controller.c:1074:5: warning: passing argument 2 of ‘gtk_container_add’ from incompatible pointer type [enabled by default]
gparts-result-controller.c:1102:5: warning: passing argument 1 of ‘gtk_widget_destroy’ from incompatible pointer type [enabled by default]
gparts-result-controller.c:1122:5: warning: passing argument 1 of ‘gtk_menu_shell_append’ from incompatible pointer type [enabled by default]
gparts-config.c:211:1: warning: conflicting types for ‘gparts_config_set_database_types’ [enabled by default]
gparts-units.c:92:17: warning: universal character names are only valid in C++ and C99 [enabled by default]
gparts-units.c:279:21: warning: universal character names are only valid in C++ and C99 [enabled by default]
gparts-units.c:363:21: warning: universal character names are only valid in C++ and C99 [enabled by default]
gpartsui-company-controller.c:109:37: warning: assignment from incompatible pointer type [enabled by default]
gpartsui-company-controller.c:110:37: warning: assignment from incompatible pointer type [enabled by default]
gpartsui-company-controller.c:111:37: warning: assignment from incompatible pointer type [enabled by default]
gpartsui-company-controller.c:112:37: warning: assignment from incompatible pointer type [enabled by default]
gpartsui-connect-controller.c:499:13: warning: passing argument 1 of ‘gtk_file_chooser_get_filename’ from incompatible pointer type [enabled by default]
gpartsui-connect-controller.c:501:13: warning: passing argument 1 of ‘gtk_entry_set_text’ from incompatible pointer type [enabled by default]
gpartsui-connect-controller.c:783:29: warning: assignment from incompatible pointer type [enabled by default]
gpartsui-connect-model.c:489:36: warning: initialization makes pointer from integer without a cast [enabled by default]
gpartsui-connect-model.c:866:36: warning: initialization makes pointer from integer without a cast [enabled by default]
gpartsui-database-controller.c:233:24: warning: assignment from incompatible pointer type [enabled by default]
gpartsui-database-model.c:366:5: warning: passing argument 1 of ‘g_signal_emit_by_name’ discards ‘const’ qualifier from pointer target type [enabled by default]
gpartsui-document-controller.c:109:38: warning: assignment from incompatible pointer type [enabled by default]
gpartsui-document-controller.c:110:38: warning: assignment from incompatible pointer type [enabled by default]
gpartsui-document-controller.c:111:38: warning: assignment from incompatible pointer type [enabled by default]
gpartsui-document-controller.c:112:38: warning: assignment from incompatible pointer type [enabled by default]
gpartsui-document-controller.c:305:31: warning: assignment from incompatible pointer type [enabled by default]
gpartsui-document-controller.c:504:9: warning: passing argument 1 of ‘gpartsui_document_model_get_document_result’ from incompatible pointer type [enabled by default]
gpartsui-result-adapter.c:255:22: warning: assignment discards ‘const’ qualifier from pointer target type [enabled by default]
gpartsui-result-model.c:132:20: warning: assignment from incompatible pointer type [enabled by default]
miscui-action-model.c:262:26: warning: assignment from incompatible pointer type [enabled by default]
gsymview-main.c:213:21: warning: initialization makes pointer from integer without a cast [enabled by default]
gsymview-main.c:238:27: warning: assignment from incompatible pointer type [enabled by default]
gparts-config.c:211:1: warning: conflicting types for ‘gparts_config_set_database_types’ [enabled by default]
gparts-units.c:92:17: warning: universal character names are only valid in C++ and C99 [enabled by default]
gparts-units.c:279:21: warning: universal character names are only valid in C++ and C99 [enabled by default]
gparts-units.c:363:21: warning: universal character names are only valid in C++ and C99 [enabled by default]
